0 info it worked if it ends with ok
1 verbose cli [ 'node', '/usr/local/bin/npm', 'cache', 'clean', '-f' ]
2 info using npm@1.4.28
3 info using node@v0.10.32
4 warn using --force I sure hope you know what you are doing.
5 error Error: EACCES, unlink '/Users/mange/.npm/JSONStream/0.7.4'
5 error  { [Error: EACCES, unlink '/Users/mange/.npm/JSONStream/0.7.4']
5 error   errno: 3,
5 error   code: 'EACCES',
5 error   path: '/Users/mange/.npm/JSONStream/0.7.4' }
6 error Please try running this command again as root/Administrator.
7 error System Darwin 14.3.0
8 error command "node" "/usr/local/bin/npm" "cache" "clean" "-f"
9 error cwd /Users/mange/tompa/GCBOARD
10 error node -v v0.10.32
11 error npm -v 1.4.28
12 error path /Users/mange/.npm/JSONStream/0.7.4
13 error code EACCES
14 error errno 3
15 error stack Error: EACCES, unlink '/Users/mange/.npm/JSONStream/0.7.4'
16 verbose exit [ 3, true ]
